2020-10-13 10:50:35,841 INFO  [Log] -----------------------Start browser------------------------
 
2020-10-13 10:50:37,597 INFO  [WebDriverManager] Using chromedriver 85.0.4183.87 (resolved driver for Chrome 85) 
2020-10-13 10:50:37,652 INFO  [WebDriverManager] Exporting webdriver.chrome.driver as C:\Users\SATTDN20.02.03\.cache\selenium\chromedriver\win32\85.0.4183.87\chromedriver.exe 
2020-10-13 10:50:43,876 INFO  [Log] Navigate to url: http://13.82.211.128:8080/administrator 
2020-10-13 10:50:47,861 INFO  [Log] 		Enter data for the username field: huy 
2020-10-13 10:50:47,950 INFO  [Log] 		Enter data for the passwd field: huy123 
2020-10-13 10:50:48,202 INFO  [Log] 		Click on Log in login 
2020-10-13 10:50:49,878 INFO  [Log] 		Click on Content clickTab 
2020-10-13 10:50:50,070 INFO  [Log] 		Click on Articles clickTab 
2020-10-13 10:50:54,522 INFO  [Log] 	Create new random title 
2020-10-13 10:51:04,804 INFO  [Log] -----------------------Close browser------------------------

 
2020-10-13 10:54:42,988 INFO  [Log] -----------------------Start browser------------------------
 
2020-10-13 10:54:43,675 INFO  [WebDriverManager] Using chromedriver 85.0.4183.87 (resolved driver for Chrome 85) 
2020-10-13 10:54:43,709 INFO  [WebDriverManager] Exporting webdriver.chrome.driver as C:\Users\SATTDN20.02.03\.cache\selenium\chromedriver\win32\85.0.4183.87\chromedriver.exe 
2020-10-13 10:54:49,938 INFO  [Log] Navigate to url: http://13.82.211.128:8080/administrator 
2020-10-13 10:55:38,043 INFO  [Log] 		Enter data for the username field: huy 
2020-10-13 10:55:38,160 INFO  [Log] 		Enter data for the passwd field: huy123 
2020-10-13 10:55:38,452 INFO  [Log] 		Click on Log in login 
2020-10-13 10:55:41,352 INFO  [Log] 		Click on Content clickTab 
2020-10-13 10:55:41,538 INFO  [Log] 		Click on Articles clickTab 
2020-10-13 10:55:43,047 INFO  [Log] 		Click on New clickNewBtn 
2020-10-13 10:55:52,488 INFO  [Log] 	Create new random title 
2020-10-13 10:55:52,627 INFO  [Log] 	Create new random article text 
2020-10-13 10:55:52,675 INFO  [Log] 		Enter data for the jform[title] field: Recalled to Life 
2020-10-13 10:55:52,885 INFO  [Log] 		Enter data for the  field: No story lives unless someone wants to listen. The stories we love best do live in us forever. So whether you come back by page or by the big screen, Hogwarts will always be there to welcome you home. 
2020-10-13 10:55:53,522 INFO  [Log] 		Click on Save & Close createNewArticle 
2020-10-13 10:55:55,073 INFO  [Log] Verify the article is saved successfully 
2020-10-13 10:55:55,146 INFO  [Log] -----------------------Close browser------------------------

 
2020-10-13 10:57:34,299 INFO  [Log] -----------------------Start browser------------------------
 
2020-10-13 10:57:35,023 INFO  [WebDriverManager] Using chromedriver 85.0.4183.87 (resolved driver for Chrome 85) 
2020-10-13 10:57:35,062 INFO  [WebDriverManager] Exporting webdriver.chrome.driver as C:\Users\SATTDN20.02.03\.cache\selenium\chromedriver\win32\85.0.4183.87\chromedriver.exe 
2020-10-13 10:57:41,434 INFO  [Log] Navigate to url: http://13.82.211.128:8080/administrator 
2020-10-13 10:57:44,138 INFO  [Log] 		Enter data for the username field: huy 
2020-10-13 10:57:44,223 INFO  [Log] 		Enter data for the passwd field: huy123 
2020-10-13 10:57:44,575 INFO  [Log] 		Click on Log in 
2020-10-13 10:57:46,784 INFO  [Log] 		Click on Content 
2020-10-13 10:57:47,001 INFO  [Log] 		Click on Articles 
2020-10-13 10:57:49,493 INFO  [Log] 		Click on New 
2020-10-13 10:57:57,070 INFO  [Log] 	Create new random title 
2020-10-13 10:57:57,203 INFO  [Log] 	Create new random article text 
2020-10-13 10:57:57,257 INFO  [Log] 		Enter data for the jform[title] field: Postern of Fate 
2020-10-13 10:57:57,438 INFO  [Log] 		Enter data for the  field: It’s wingardium leviOsa, not leviosAH. 
2020-10-13 10:57:57,794 INFO  [Log] 		Click on Save & Close 
2020-10-13 10:57:59,143 INFO  [Log] Verify the article is saved successfully 
2020-10-13 10:57:59,315 INFO  [Log] 		Click on Content 
2020-10-13 10:57:59,500 INFO  [Log] 		Click on Articles 
2020-10-13 10:58:00,445 INFO  [Log] 		Click on  
2020-10-13 10:58:01,559 INFO  [Log] -----------------------Close browser------------------------

 
2020-10-13 11:04:29,836 INFO  [Log] -----------------------Start browser------------------------
 
2020-10-13 11:04:30,576 INFO  [WebDriverManager] Using chromedriver 85.0.4183.87 (resolved driver for Chrome 85) 
2020-10-13 11:04:30,613 INFO  [WebDriverManager] Exporting webdriver.chrome.driver as C:\Users\SATTDN20.02.03\.cache\selenium\chromedriver\win32\85.0.4183.87\chromedriver.exe 
2020-10-13 11:04:36,869 INFO  [Log] Navigate to url: http://13.82.211.128:8080/administrator 
2020-10-13 11:04:41,676 INFO  [Log] 		Enter data for the username field: huy 
2020-10-13 11:04:41,753 INFO  [Log] 		Enter data for the passwd field: huy123 
2020-10-13 11:04:41,926 INFO  [Log] 		Click on Log in 
2020-10-13 11:04:43,726 INFO  [Log] 		Click on Content 
2020-10-13 11:04:43,948 INFO  [Log] 		Click on Articles 
2020-10-13 11:04:45,519 INFO  [Log] 		Click on New 
2020-10-13 11:04:54,754 INFO  [Log] 	Create new random title 
2020-10-13 11:04:54,888 INFO  [Log] 	Create new random article text 
2020-10-13 11:04:54,937 INFO  [Log] 		Enter data for the jform[title] field: Arms and the Man 
2020-10-13 11:04:55,137 INFO  [Log] 		Enter data for the  field: It’s wingardium leviOsa, not leviosAH. 
2020-10-13 11:04:55,424 INFO  [Log] 		Click on Save & Close 
2020-10-13 11:04:56,806 INFO  [Log] Verify the article is saved successfully 
2020-10-13 11:04:56,937 INFO  [Log] 		Click on Content 
2020-10-13 11:04:57,125 INFO  [Log] 		Click on Articles 
2020-10-13 11:04:58,313 INFO  [Log] 		Click on  
2020-10-13 11:04:59,469 INFO  [Log] -----------------------Close browser------------------------

 
2020-10-13 11:10:58,289 INFO  [Log] -----------------------Start browser------------------------
 
2020-10-13 11:10:59,099 INFO  [WebDriverManager] Using chromedriver 85.0.4183.87 (resolved driver for Chrome 85) 
2020-10-13 11:10:59,136 INFO  [WebDriverManager] Exporting webdriver.chrome.driver as C:\Users\SATTDN20.02.03\.cache\selenium\chromedriver\win32\85.0.4183.87\chromedriver.exe 
2020-10-13 11:11:05,162 INFO  [Log] Navigate to url: http://13.82.211.128:8080/administrator 
2020-10-13 11:11:07,862 INFO  [Log] 		Enter data for the username field: huy 
2020-10-13 11:11:07,951 INFO  [Log] 		Enter data for the passwd field: huy123 
2020-10-13 11:11:08,151 INFO  [Log] 		Click on Log in 
2020-10-13 11:11:14,166 INFO  [Log] 		Click on Content 
2020-10-13 11:11:14,366 INFO  [Log] 		Click on Articles 
2020-10-13 11:11:17,793 INFO  [Log] 		Click on New 
2020-10-13 11:11:30,705 INFO  [Log] 	Create new random title 
2020-10-13 11:11:30,850 INFO  [Log] 	Create new random article text 
2020-10-13 11:11:30,899 INFO  [Log] 		Enter data for the jform[title] field: The Heart Is Deceitful Above All Things 
2020-10-13 11:11:31,136 INFO  [Log] 		Enter data for the  field: We could all have been killed - or worse, expelled. 
2020-10-13 11:11:31,490 INFO  [Log] 		Click on Save & Close 
2020-10-13 11:11:34,145 INFO  [Log] Verify the article is saved successfully 
2020-10-13 11:11:34,264 INFO  [Log] 		Click on Content 
2020-10-13 11:11:34,453 INFO  [Log] 		Click on Articles 
2020-10-13 11:11:35,832 INFO  [Log] 		Click on  
2020-10-13 11:11:35,957 INFO  [Log] 	Create new random title 
2020-10-13 11:11:35,957 INFO  [Log] 	Create new random article text 
2020-10-13 11:11:46,111 INFO  [Log] -----------------------Close browser------------------------

 
2020-10-13 11:13:35,198 INFO  [Log] -----------------------Start browser------------------------
 
2020-10-13 11:13:35,906 INFO  [WebDriverManager] Using chromedriver 85.0.4183.87 (resolved driver for Chrome 85) 
2020-10-13 11:13:35,939 INFO  [WebDriverManager] Exporting webdriver.chrome.driver as C:\Users\SATTDN20.02.03\.cache\selenium\chromedriver\win32\85.0.4183.87\chromedriver.exe 
2020-10-13 11:13:42,208 INFO  [Log] Navigate to url: http://13.82.211.128:8080/administrator 
2020-10-13 11:13:45,036 INFO  [Log] 		Enter data for the username field: huy 
2020-10-13 11:13:45,142 INFO  [Log] 		Enter data for the passwd field: huy123 
2020-10-13 11:13:45,337 INFO  [Log] 		Click on Log in 
2020-10-13 11:13:47,022 INFO  [Log] 		Click on Content 
2020-10-13 11:13:47,257 INFO  [Log] 		Click on Articles 
2020-10-13 11:13:48,885 INFO  [Log] 		Click on New 
2020-10-13 11:13:56,906 INFO  [Log] 	Create new random title 
2020-10-13 11:13:57,042 INFO  [Log] 	Create new random article text 
2020-10-13 11:13:57,089 INFO  [Log] 		Enter data for the jform[title] field: All Passion Spent 
2020-10-13 11:13:57,267 INFO  [Log] 		Enter data for the  field: Harry, suffering like this proves you are still a man! This pain is part of being human...the fact that you can feel pain like this is your greatest strength. 
2020-10-13 11:13:57,773 INFO  [Log] 		Click on Save & Close 
2020-10-13 11:13:59,407 INFO  [Log] Verify the article is saved successfully 
2020-10-13 11:13:59,523 INFO  [Log] 		Click on Content 
2020-10-13 11:13:59,730 INFO  [Log] 		Click on Articles 
2020-10-13 11:14:00,846 INFO  [Log] 		Click on  
2020-10-13 11:14:01,031 INFO  [Log] 		Click on Edit 
2020-10-13 11:14:02,917 INFO  [Log] 	Create new random title 
2020-10-13 11:14:02,917 INFO  [Log] 	Create new random article text 
2020-10-13 11:14:02,940 INFO  [Log] 		Enter data for the jform[title] field: Wildfire at Midnight 
2020-10-13 11:14:03,122 INFO  [Log] 		Enter data for the  field: No story lives unless someone wants to listen. The stories we love best do live in us forever. So whether you come back by page or by the big screen, Hogwarts will always be there to welcome you home. 
2020-10-13 11:14:03,710 INFO  [Log] -----------------------Close browser------------------------

 
2020-10-13 11:21:51,659 INFO  [Log] -----------------------Start browser------------------------
 
2020-10-13 11:21:52,352 INFO  [WebDriverManager] Using chromedriver 85.0.4183.87 (resolved driver for Chrome 85) 
2020-10-13 11:21:52,385 INFO  [WebDriverManager] Exporting webdriver.chrome.driver as C:\Users\SATTDN20.02.03\.cache\selenium\chromedriver\win32\85.0.4183.87\chromedriver.exe 
2020-10-13 11:21:58,691 INFO  [Log] Navigate to url: http://13.82.211.128:8080/administrator 
2020-10-13 11:22:02,292 INFO  [Log] 		Enter data for the username field: huy 
2020-10-13 11:22:02,460 INFO  [Log] 		Enter data for the passwd field: huy123 
2020-10-13 11:22:02,713 INFO  [Log] 		Click on Log in 
2020-10-13 11:22:04,421 INFO  [Log] 		Click on Content 
2020-10-13 11:22:04,680 INFO  [Log] 		Click on Articles 
2020-10-13 11:22:06,234 INFO  [Log] 		Click on New 
2020-10-13 11:22:12,179 INFO  [Log] 	Create new random title 
2020-10-13 11:22:12,311 INFO  [Log] 	Create new random article text 
2020-10-13 11:22:12,368 INFO  [Log] 		Enter data for the jform[title] field: Nectar in a Sieve 
2020-10-13 11:22:12,612 INFO  [Log] 		Enter data for the  field: Of course it is happening inside your head, Harry, but why on earth should that mean that it is not real? 
2020-10-13 11:22:12,655 INFO  [Log] -----------------------Close browser------------------------

 
2020-10-13 11:25:16,119 INFO  [Log] -----------------------Start browser------------------------
 
2020-10-13 11:25:16,861 INFO  [WebDriverManager] Using chromedriver 85.0.4183.87 (resolved driver for Chrome 85) 
2020-10-13 11:25:16,894 INFO  [WebDriverManager] Exporting webdriver.chrome.driver as C:\Users\SATTDN20.02.03\.cache\selenium\chromedriver\win32\85.0.4183.87\chromedriver.exe 
2020-10-13 11:25:23,084 INFO  [Log] Navigate to url: http://13.82.211.128:8080/administrator 
2020-10-13 11:25:25,799 INFO  [Log] 		Enter data for the username field: huy 
2020-10-13 11:25:25,977 INFO  [Log] 		Enter data for the passwd field: huy123 
2020-10-13 11:25:26,191 INFO  [Log] 		Click on Log in 
2020-10-13 11:25:30,871 INFO  [Log] 		Click on Content 
2020-10-13 11:25:31,117 INFO  [Log] 		Click on Articles 
2020-10-13 11:25:32,909 INFO  [Log] 		Click on New 
2020-10-13 11:25:40,258 INFO  [Log] 	Create new random title 
2020-10-13 11:25:40,406 INFO  [Log] 	Create new random article text 
2020-10-13 11:25:40,453 INFO  [Log] 		Enter data for the jform[title] field: Those Barren Leaves, Thrones, Dominations 
2020-10-13 11:25:40,782 INFO  [Log] 		Enter data for the  field: There are some things you can't share without ending up liking each other, and knocking out a twelve-foot mountain troll is one of them. 
2020-10-13 11:25:40,877 INFO  [Log] -----------------------Close browser------------------------

 
2020-10-13 11:27:34,241 INFO  [Log] -----------------------Start browser------------------------
 
2020-10-13 11:27:34,962 INFO  [WebDriverManager] Using chromedriver 85.0.4183.87 (resolved driver for Chrome 85) 
2020-10-13 11:27:34,995 INFO  [WebDriverManager] Exporting webdriver.chrome.driver as C:\Users\SATTDN20.02.03\.cache\selenium\chromedriver\win32\85.0.4183.87\chromedriver.exe 
2020-10-13 11:27:41,082 INFO  [Log] Navigate to url: http://13.82.211.128:8080/administrator 
2020-10-13 11:27:59,233 INFO  [Log] 		Enter data for the username field: huy 
2020-10-13 11:27:59,396 INFO  [Log] 		Enter data for the passwd field: huy123 
2020-10-13 11:27:59,590 INFO  [Log] 		Click on Log in 
2020-10-13 11:30:06,323 INFO  [Log] -----------------------Close browser------------------------

 
2020-10-13 11:30:13,806 INFO  [Log] -----------------------Start browser------------------------
 
2020-10-13 11:30:14,546 INFO  [WebDriverManager] Using chromedriver 85.0.4183.87 (resolved driver for Chrome 85) 
2020-10-13 11:30:14,583 INFO  [WebDriverManager] Exporting webdriver.chrome.driver as C:\Users\SATTDN20.02.03\.cache\selenium\chromedriver\win32\85.0.4183.87\chromedriver.exe 
2020-10-13 11:30:21,290 INFO  [Log] Navigate to url: http://13.82.211.128:8080/administrator 
2020-10-13 13:20:27,209 INFO  [Log] -----------------------Start browser------------------------
 
2020-10-13 13:20:28,246 INFO  [WebDriverManager] Using chromedriver 85.0.4183.87 (resolved driver for Chrome 85) 
2020-10-13 13:20:28,293 INFO  [WebDriverManager] Exporting webdriver.chrome.driver as C:\Users\SATTDN20.02.03\.cache\selenium\chromedriver\win32\85.0.4183.87\chromedriver.exe 
2020-10-13 13:20:34,638 INFO  [Log] Navigate to url: http://13.82.211.128:8080/administrator 
2020-10-13 13:20:38,593 INFO  [Log] 		Enter data for the username field: huy 
2020-10-13 13:20:38,752 INFO  [Log] 		Enter data for the passwd field: huy123 
2020-10-13 13:20:38,997 INFO  [Log] 		Click on Log in 
2020-10-13 13:20:40,786 INFO  [Log] 		Click on Content 
2020-10-13 13:20:41,042 INFO  [Log] 		Click on Articles 
2020-10-13 13:20:42,587 INFO  [Log] 		Click on New 
2020-10-13 13:20:48,759 INFO  [Log] 	Create new random title 
2020-10-13 13:20:48,895 INFO  [Log] 	Create new random article text 
2020-10-13 13:20:48,942 INFO  [Log] 		Enter data for the jform[title] field: Sleep the Brave 
2020-10-13 13:20:49,160 INFO  [Log] 		Enter data for the  field: There are some things you can't share without ending up liking each other, and knocking out a twelve-foot mountain troll is one of them. 
2020-10-13 13:20:49,218 INFO  [Log] -----------------------Close browser------------------------

 
2020-10-13 13:21:35,785 INFO  [Log] -----------------------Start browser------------------------
 
2020-10-13 13:21:36,535 INFO  [WebDriverManager] Using chromedriver 85.0.4183.87 (resolved driver for Chrome 85) 
2020-10-13 13:21:36,566 INFO  [WebDriverManager] Exporting webdriver.chrome.driver as C:\Users\SATTDN20.02.03\.cache\selenium\chromedriver\win32\85.0.4183.87\chromedriver.exe 
2020-10-13 13:21:42,898 INFO  [Log] Navigate to url: http://13.82.211.128:8080/administrator 
2020-10-13 13:21:45,652 INFO  [Log] 		Enter data for the username field: huy 
2020-10-13 13:21:45,912 INFO  [Log] 		Enter data for the passwd field: huy123 
2020-10-13 13:21:46,116 INFO  [Log] 		Click on Log in 
2020-10-13 13:21:47,868 INFO  [Log] 		Click on Content 
2020-10-13 13:21:48,069 INFO  [Log] 		Click on Articles 
2020-10-13 13:21:49,693 INFO  [Log] 		Click on New 
2020-10-13 13:21:55,940 INFO  [Log] 	Create new random title 
2020-10-13 13:21:56,099 INFO  [Log] 	Create new random article text 
2020-10-13 13:21:56,159 INFO  [Log] 		Enter data for the jform[title] field: In Death Ground 
2020-10-13 13:21:56,441 INFO  [Log] 		Enter data for the  field: Dark and difficult times lie ahead. Soon we must all face the choice between what is right and what is easy. 
2020-10-13 13:21:56,525 INFO  [Log] -----------------------Close browser------------------------

 
2020-10-13 13:25:29,784 INFO  [Log] -----------------------Start browser------------------------
 
2020-10-13 13:25:30,503 INFO  [WebDriverManager] Using chromedriver 85.0.4183.87 (resolved driver for Chrome 85) 
2020-10-13 13:25:30,538 INFO  [WebDriverManager] Exporting webdriver.chrome.driver as C:\Users\SATTDN20.02.03\.cache\selenium\chromedriver\win32\85.0.4183.87\chromedriver.exe 
2020-10-13 13:25:36,783 INFO  [Log] Navigate to url: http://13.82.211.128:8080/administrator 
2020-10-13 13:25:39,564 INFO  [Log] 		Enter data for the username field: huy 
2020-10-13 13:25:39,842 INFO  [Log] 		Enter data for the passwd field: huy123 
2020-10-13 13:25:40,080 INFO  [Log] 		Click on Log in 
2020-10-13 13:25:41,766 INFO  [Log] 		Click on Content 
2020-10-13 13:25:41,992 INFO  [Log] 		Click on Articles 
2020-10-13 13:25:43,663 INFO  [Log] 		Click on New 
2020-10-13 13:25:49,936 INFO  [Log] 	Create new random title 
2020-10-13 13:25:50,066 INFO  [Log] 	Create new random article text 
2020-10-13 13:25:50,114 INFO  [Log] 		Enter data for the jform[title] field: After Many a Summer Dies the Swan 
2020-10-13 13:25:50,390 INFO  [Log] 		Enter data for the jform[articletext] field: Of course it is happening inside your head, Harry, but why on earth should that mean that it is not real? 
2020-10-13 13:26:00,630 INFO  [Log] -----------------------Close browser------------------------

 
2020-10-13 13:27:21,274 INFO  [Log] -----------------------Start browser------------------------
 
2020-10-13 13:27:21,938 INFO  [WebDriverManager] Using chromedriver 85.0.4183.87 (resolved driver for Chrome 85) 
2020-10-13 13:27:21,969 INFO  [WebDriverManager] Exporting webdriver.chrome.driver as C:\Users\SATTDN20.02.03\.cache\selenium\chromedriver\win32\85.0.4183.87\chromedriver.exe 
2020-10-13 13:27:28,240 INFO  [Log] Navigate to url: http://13.82.211.128:8080/administrator 
2020-10-13 13:27:30,912 INFO  [Log] 		Enter data for the username field: huy 
2020-10-13 13:27:31,040 INFO  [Log] 		Enter data for the passwd field: huy123 
2020-10-13 13:27:31,268 INFO  [Log] 		Click on Log in 
2020-10-13 13:27:32,973 INFO  [Log] 		Click on Content 
2020-10-13 13:27:33,203 INFO  [Log] 		Click on Articles 
2020-10-13 13:27:34,724 INFO  [Log] 		Click on New 
2020-10-13 13:27:41,004 INFO  [Log] 	Create new random title 
2020-10-13 13:27:41,143 INFO  [Log] 	Create new random article text 
2020-10-13 13:27:41,193 INFO  [Log] 		Enter data for the jform[title] field: Blithe Spirit 
2020-10-13 13:27:41,413 INFO  [Log] 		Enter data for the jform[articletext] field: After all this time? Always. 
2020-10-13 13:27:51,534 INFO  [Log] -----------------------Close browser------------------------

 
2020-10-13 13:31:30,412 INFO  [Log] -----------------------Start browser------------------------
 
2020-10-13 13:31:31,101 INFO  [WebDriverManager] Using chromedriver 85.0.4183.87 (resolved driver for Chrome 85) 
2020-10-13 13:31:31,131 INFO  [WebDriverManager] Exporting webdriver.chrome.driver as C:\Users\SATTDN20.02.03\.cache\selenium\chromedriver\win32\85.0.4183.87\chromedriver.exe 
2020-10-13 13:31:37,422 INFO  [Log] Navigate to url: http://13.82.211.128:8080/administrator 
2020-10-13 13:31:40,198 INFO  [Log] 		Enter data for the username field: huy 
2020-10-13 13:31:40,359 INFO  [Log] 		Enter data for the passwd field: huy123 
2020-10-13 13:31:40,577 INFO  [Log] 		Click on Log in 
2020-10-13 13:31:42,289 INFO  [Log] 		Click on Content 
2020-10-13 13:31:42,499 INFO  [Log] 		Click on Articles 
2020-10-13 13:31:44,046 INFO  [Log] 		Click on New 
2020-10-13 13:31:49,530 INFO  [Log] 	Create new random title 
2020-10-13 13:31:49,680 INFO  [Log] 	Create new random article text 
2020-10-13 13:31:49,731 INFO  [Log] 		Enter data for the jform[title] field: No Longer at Ease 
2020-10-13 13:31:49,961 INFO  [Log] 		Enter data for the jform[articletext] field: It is the unknown we fear when we look upon death and darkness, nothing more. 
2020-10-13 13:32:00,058 INFO  [Log] -----------------------Close browser------------------------

 
2020-10-13 13:32:48,328 INFO  [Log] -----------------------Start browser------------------------
 
2020-10-13 13:32:49,102 INFO  [WebDriverManager] Using chromedriver 85.0.4183.87 (resolved driver for Chrome 85) 
2020-10-13 13:32:49,136 INFO  [WebDriverManager] Exporting webdriver.chrome.driver as C:\Users\SATTDN20.02.03\.cache\selenium\chromedriver\win32\85.0.4183.87\chromedriver.exe 
2020-10-13 13:32:55,479 INFO  [Log] Navigate to url: http://13.82.211.128:8080/administrator 
2020-10-13 13:32:58,274 INFO  [Log] 		Enter data for the username field: huy 
2020-10-13 13:32:58,634 INFO  [Log] 		Enter data for the passwd field: huy123 
2020-10-13 13:32:59,019 INFO  [Log] 		Click on Log in 
2020-10-13 13:33:00,722 INFO  [Log] 		Click on Content 
2020-10-13 13:33:00,956 INFO  [Log] 		Click on Articles 
2020-10-13 13:33:02,575 INFO  [Log] 		Click on New 
2020-10-13 13:33:08,242 INFO  [Log] 	Create new random title 
2020-10-13 13:33:08,374 INFO  [Log] 	Create new random article text 
2020-10-13 13:33:08,431 INFO  [Log] 		Enter data for the jform[title] field: An Instant In The Wind 
2020-10-13 13:33:08,712 INFO  [Log] 		Enter data for the jform[articletext] field: Dark and difficult times lie ahead. Soon we must all face the choice between what is right and what is easy. 
2020-10-13 13:33:19,007 INFO  [Log] -----------------------Close browser------------------------

 
2020-10-13 13:33:43,246 INFO  [Log] -----------------------Start browser------------------------
 
2020-10-13 13:33:44,148 INFO  [WebDriverManager] Using chromedriver 85.0.4183.87 (resolved driver for Chrome 85) 
2020-10-13 13:33:44,212 INFO  [WebDriverManager] Exporting webdriver.chrome.driver as C:\Users\SATTDN20.02.03\.cache\selenium\chromedriver\win32\85.0.4183.87\chromedriver.exe 
2020-10-13 13:33:50,560 INFO  [Log] Navigate to url: http://13.82.211.128:8080/administrator 
2020-10-13 13:34:16,051 INFO  [Log] -----------------------Close browser------------------------

 
2020-10-13 13:35:15,581 INFO  [Log] -----------------------Start browser------------------------
 
2020-10-13 13:35:16,323 INFO  [WebDriverManager] Using chromedriver 85.0.4183.87 (resolved driver for Chrome 85) 
2020-10-13 13:35:16,359 INFO  [WebDriverManager] Exporting webdriver.chrome.driver as C:\Users\SATTDN20.02.03\.cache\selenium\chromedriver\win32\85.0.4183.87\chromedriver.exe 
2020-10-13 13:35:23,087 INFO  [Log] Navigate to url: http://13.82.211.128:8080/administrator 
2020-10-13 13:35:25,801 INFO  [Log] 		Enter data for the username field: huy 
2020-10-13 13:35:26,056 INFO  [Log] 		Enter data for the passwd field: huy123 
2020-10-13 13:35:26,259 INFO  [Log] 		Click on Log in 
2020-10-13 13:35:28,030 INFO  [Log] 		Click on Content 
2020-10-13 13:35:28,257 INFO  [Log] 		Click on Articles 
2020-10-13 13:35:29,834 INFO  [Log] 		Click on New 
2020-10-13 13:35:35,801 INFO  [Log] 	Create new random title 
2020-10-13 13:35:35,933 INFO  [Log] 	Create new random article text 
2020-10-13 13:35:35,980 INFO  [Log] 		Enter data for the jform[title] field: Unweaving the Rainbow 
2020-10-13 13:35:36,216 INFO  [Log] 		Enter data for the jform[articletext] field: Never trust anything that can think for itself if you can't see where it keeps its brain. 
2020-10-13 13:35:46,325 INFO  [Log] -----------------------Close browser------------------------

 
2020-10-13 13:38:58,830 INFO  [Log] -----------------------Start browser------------------------
 
2020-10-13 13:38:59,534 INFO  [WebDriverManager] Using chromedriver 85.0.4183.87 (resolved driver for Chrome 85) 
2020-10-13 13:38:59,566 INFO  [WebDriverManager] Exporting webdriver.chrome.driver as C:\Users\SATTDN20.02.03\.cache\selenium\chromedriver\win32\85.0.4183.87\chromedriver.exe 
2020-10-13 13:39:05,889 INFO  [Log] Navigate to url: http://13.82.211.128:8080/administrator 
2020-10-13 13:39:08,599 INFO  [Log] 		Enter data for the username field: huy 
2020-10-13 13:39:08,743 INFO  [Log] 		Enter data for the passwd field: huy123 
2020-10-13 13:39:08,955 INFO  [Log] 		Click on Log in 
2020-10-13 13:39:10,661 INFO  [Log] 		Click on Content 
2020-10-13 13:39:10,863 INFO  [Log] 		Click on Articles 
2020-10-13 13:39:12,430 INFO  [Log] 		Click on New 
2020-10-13 13:39:19,187 INFO  [Log] 	Create new random title 
2020-10-13 13:39:19,318 INFO  [Log] 	Create new random article text 
2020-10-13 13:39:19,367 INFO  [Log] 		Enter data for the jform[title] field: A Passage to India 
2020-10-13 13:39:29,636 INFO  [Log] -----------------------Close browser------------------------

 
2020-10-13 13:46:55,647 INFO  [Log] -----------------------Start browser------------------------
 
2020-10-13 13:46:56,331 INFO  [WebDriverManager] Using chromedriver 85.0.4183.87 (resolved driver for Chrome 85) 
2020-10-13 13:46:56,371 INFO  [WebDriverManager] Exporting webdriver.chrome.driver as C:\Users\SATTDN20.02.03\.cache\selenium\chromedriver\win32\85.0.4183.87\chromedriver.exe 
2020-10-13 13:47:02,633 INFO  [Log] Navigate to url: http://13.82.211.128:8080/administrator 
2020-10-13 13:47:09,738 INFO  [Log] 		Enter data for the username field: huy 
2020-10-13 13:47:09,871 INFO  [Log] 		Enter data for the passwd field: huy123 
2020-10-13 13:47:10,119 INFO  [Log] 		Click on Log in 
2020-10-13 13:47:12,038 INFO  [Log] 		Click on Content 
2020-10-13 13:47:12,274 INFO  [Log] 		Click on Articles 
2020-10-13 13:47:17,310 INFO  [Log] 		Click on New 
2020-10-13 13:47:24,158 INFO  [Log] 	Create new random title 
2020-10-13 13:47:24,289 INFO  [Log] 	Create new random article text 
2020-10-13 13:47:24,335 INFO  [Log] 		Enter data for the jform[title] field: Recalled to Life 
2020-10-13 13:47:24,558 INFO  [Log] 		Enter data for the  field: Harry, suffering like this proves you are still a man! This pain is part of being human...the fact that you can feel pain like this is your greatest strength. 
2020-10-13 13:47:35,367 INFO  [Log] -----------------------Close browser------------------------

 
2020-10-13 13:51:59,487 INFO  [Log] -----------------------Start browser------------------------
 
2020-10-13 13:52:00,225 INFO  [WebDriverManager] Using chromedriver 85.0.4183.87 (resolved driver for Chrome 85) 
2020-10-13 13:52:00,262 INFO  [WebDriverManager] Exporting webdriver.chrome.driver as C:\Users\SATTDN20.02.03\.cache\selenium\chromedriver\win32\85.0.4183.87\chromedriver.exe 
2020-10-13 13:52:06,401 INFO  [Log] Navigate to url: http://13.82.211.128:8080/administrator 
2020-10-13 13:52:09,118 INFO  [Log] 		Enter data for the username field: huy 
2020-10-13 13:52:09,268 INFO  [Log] 		Enter data for the passwd field: huy123 
2020-10-13 13:52:09,529 INFO  [Log] 		Click on Log in 
2020-10-13 13:52:11,765 INFO  [Log] 		Click on Content 
2020-10-13 13:52:11,968 INFO  [Log] 		Click on Articles 
2020-10-13 13:52:13,725 INFO  [Log] 		Click on New 
2020-10-13 13:52:19,925 INFO  [Log] 	Create new random title 
2020-10-13 13:52:20,055 INFO  [Log] 	Create new random article text 
2020-10-13 13:52:20,104 INFO  [Log] 		Enter data for the jform[title] field: Far From the Madding Crowd 
2020-10-13 13:52:20,348 INFO  [Log] 		Enter data for the  field: Things we lose have a way of coming back to us in the end, if not always in the way we expect. 
2020-10-13 13:52:31,185 INFO  [Log] -----------------------Close browser------------------------

 
2020-10-13 14:01:56,058 INFO  [Log] -----------------------Start browser------------------------
 
2020-10-13 14:01:56,752 INFO  [WebDriverManager] Using chromedriver 85.0.4183.87 (resolved driver for Chrome 85) 
2020-10-13 14:01:56,782 INFO  [WebDriverManager] Exporting webdriver.chrome.driver as C:\Users\SATTDN20.02.03\.cache\selenium\chromedriver\win32\85.0.4183.87\chromedriver.exe 
2020-10-13 14:02:02,981 INFO  [Log] Navigate to url: http://13.82.211.128:8080/administrator 
2020-10-13 14:02:05,762 INFO  [Log] 		Enter data for the username field: huy 
2020-10-13 14:02:05,896 INFO  [Log] 		Enter data for the passwd field: huy123 
2020-10-13 14:02:06,135 INFO  [Log] 		Click on Log in 
2020-10-13 14:02:07,810 INFO  [Log] 		Click on Content 
2020-10-13 14:02:08,043 INFO  [Log] 		Click on Articles 
2020-10-13 14:02:09,616 INFO  [Log] 		Click on New 
2020-10-13 14:02:17,230 INFO  [Log] 	Create new random title 
2020-10-13 14:02:17,360 INFO  [Log] 	Create new random article text 
2020-10-13 14:02:17,404 INFO  [Log] 		Enter data for the jform[title] field: Now Sleeps the Crimson Petal 
2020-10-13 14:02:17,653 INFO  [Log] 		Enter data for the  field: We could all have been killed - or worse, expelled. 
2020-10-13 14:02:28,048 INFO  [Log] -----------------------Close browser------------------------

 
2020-10-13 14:05:32,384 INFO  [Log] -----------------------Start browser------------------------
 
2020-10-13 14:05:33,095 INFO  [WebDriverManager] Using chromedriver 85.0.4183.87 (resolved driver for Chrome 85) 
2020-10-13 14:05:33,130 INFO  [WebDriverManager] Exporting webdriver.chrome.driver as C:\Users\SATTDN20.02.03\.cache\selenium\chromedriver\win32\85.0.4183.87\chromedriver.exe 
2020-10-13 14:05:39,420 INFO  [Log] Navigate to url: http://13.82.211.128:8080/administrator 
2020-10-13 14:05:42,102 INFO  [Log] 		Enter data for the username field: huy 
2020-10-13 14:05:42,250 INFO  [Log] 		Enter data for the passwd field: huy123 
2020-10-13 14:05:42,457 INFO  [Log] 		Click on Log in 
2020-10-13 14:05:44,150 INFO  [Log] 		Click on Content 
2020-10-13 14:05:44,352 INFO  [Log] 		Click on Articles 
2020-10-13 14:05:46,104 INFO  [Log] 		Click on New 
2020-10-13 14:05:52,197 INFO  [Log] 	Create new random title 
2020-10-13 14:05:52,330 INFO  [Log] 	Create new random article text 
2020-10-13 14:05:52,382 INFO  [Log] 		Enter data for the jform[title] field: The Golden Apples of the Sun 
2020-10-13 14:05:52,638 INFO  [Log] 		Enter data for the  field: If you want to know what a man’s like, take a good look at how he treats his inferiors, not his equals. 
2020-10-13 14:06:03,326 INFO  [Log] -----------------------Close browser------------------------

 
2020-10-13 14:06:45,567 INFO  [Log] -----------------------Start browser------------------------
 
2020-10-13 14:06:46,279 INFO  [WebDriverManager] Using chromedriver 85.0.4183.87 (resolved driver for Chrome 85) 
2020-10-13 14:06:46,319 INFO  [WebDriverManager] Exporting webdriver.chrome.driver as C:\Users\SATTDN20.02.03\.cache\selenium\chromedriver\win32\85.0.4183.87\chromedriver.exe 
2020-10-13 14:06:52,537 INFO  [Log] Navigate to url: http://13.82.211.128:8080/administrator 
2020-10-13 14:06:55,261 INFO  [Log] 		Enter data for the username field: huy 
2020-10-13 14:06:55,484 INFO  [Log] 		Enter data for the passwd field: huy123 
2020-10-13 14:06:55,709 INFO  [Log] 		Click on Log in 
2020-10-13 14:06:57,415 INFO  [Log] 		Click on Content 
2020-10-13 14:06:57,618 INFO  [Log] 		Click on Articles 
2020-10-13 14:06:59,229 INFO  [Log] 		Click on New 
2020-10-13 14:07:06,163 INFO  [Log] 	Create new random title 
2020-10-13 14:07:06,293 INFO  [Log] 	Create new random article text 
2020-10-13 14:07:06,342 INFO  [Log] 		Enter data for the jform[title] field: For a Breath I Tarry 
2020-10-13 14:07:06,577 INFO  [Log] 		Enter data for the  field: It’s wingardium leviOsa, not leviosAH. 
2020-10-13 14:07:17,301 INFO  [Log] -----------------------Close browser------------------------

 
2020-10-13 14:09:17,868 INFO  [Log] -----------------------Start browser------------------------
 
2020-10-13 14:09:18,568 INFO  [WebDriverManager] Using chromedriver 85.0.4183.87 (resolved driver for Chrome 85) 
2020-10-13 14:09:18,605 INFO  [WebDriverManager] Exporting webdriver.chrome.driver as C:\Users\SATTDN20.02.03\.cache\selenium\chromedriver\win32\85.0.4183.87\chromedriver.exe 
2020-10-13 14:09:24,808 INFO  [Log] Navigate to url: http://13.82.211.128:8080/administrator 
2020-10-13 14:09:27,546 INFO  [Log] 		Enter data for the username field: huy 
2020-10-13 14:09:27,704 INFO  [Log] 		Enter data for the passwd field: huy123 
2020-10-13 14:09:27,916 INFO  [Log] 		Click on Log in 
2020-10-13 14:09:29,624 INFO  [Log] 		Click on Content 
2020-10-13 14:09:29,823 INFO  [Log] 		Click on Articles 
2020-10-13 14:09:31,434 INFO  [Log] 		Click on New 
2020-10-13 14:09:37,392 INFO  [Log] 	Create new random title 
2020-10-13 14:09:37,519 INFO  [Log] 	Create new random article text 
2020-10-13 14:09:37,563 INFO  [Log] 		Enter data for the jform[title] field: This Side of Paradise 
2020-10-13 14:09:37,796 INFO  [Log] 		Enter data for the  field: No story lives unless someone wants to listen. The stories we love best do live in us forever. So whether you come back by page or by the big screen, Hogwarts will always be there to welcome you home. 
2020-10-13 14:09:38,456 INFO  [Log] -----------------------Close browser------------------------

 
2020-10-13 14:16:12,136 INFO  [Log] -----------------------Start browser------------------------
 
2020-10-13 14:16:12,877 INFO  [WebDriverManager] Using chromedriver 85.0.4183.87 (resolved driver for Chrome 85) 
2020-10-13 14:16:12,912 INFO  [WebDriverManager] Exporting webdriver.chrome.driver as C:\Users\SATTDN20.02.03\.cache\selenium\chromedriver\win32\85.0.4183.87\chromedriver.exe 
2020-10-13 14:16:19,203 INFO  [Log] Navigate to url: http://13.82.211.128:8080/administrator 
2020-10-13 14:16:23,691 INFO  [Log] 		Enter data for the username field: huy 
2020-10-13 14:16:23,926 INFO  [Log] 		Enter data for the passwd field: huy123 
2020-10-13 14:16:24,150 INFO  [Log] 		Click on Log in 
2020-10-13 14:16:26,130 INFO  [Log] 		Click on Content 
2020-10-13 14:16:26,367 INFO  [Log] 		Click on Articles 
2020-10-13 14:16:27,967 INFO  [Log] 		Click on New 
2020-10-13 14:16:34,116 INFO  [Log] 	Create new random title 
2020-10-13 14:16:34,244 INFO  [Log] 	Create new random article text 
2020-10-13 14:16:34,297 INFO  [Log] 		Enter data for the jform[title] field: I Will Fear No Evil 
2020-10-13 14:16:34,534 INFO  [Log] 		Enter data for the  field: It is our choices, Harry, that show what we truly are, far more than our abilities. 
2020-10-13 14:16:34,928 INFO  [Log] 		Click on Sample Data-Articles 
2020-10-13 14:16:35,130 INFO  [Log] 		Click on - Joomla! 
2020-10-13 14:16:35,335 INFO  [Log] 		Click on Save & Close 
2020-10-13 14:16:36,944 INFO  [Log] Verify the article is saved successfully 
2020-10-13 14:16:37,075 INFO  [Log] 		Click on Content 
2020-10-13 14:16:37,267 INFO  [Log] 		Click on Articles 
2020-10-13 14:16:38,251 INFO  [Log] 		Click on  
2020-10-13 14:16:38,445 INFO  [Log] 		Click on Edit 
2020-10-13 14:16:40,613 INFO  [Log] 	Create new random title 
2020-10-13 14:16:40,613 INFO  [Log] 	Create new random article text 
2020-10-13 14:16:40,638 INFO  [Log] 		Enter data for the jform[title] field: This Lime Tree Bower 
2020-10-13 14:16:40,884 INFO  [Log] 		Enter data for the  field: We’ve all got both light and dark inside us. What matters is the part we choose to act on. That’s who we really are. 
2020-10-13 14:16:41,347 INFO  [Log] 		Click on - Joomla! 
2020-10-13 14:16:41,570 INFO  [Log] 		Click on Sample Data-Articles 
2020-10-13 14:16:41,748 INFO  [Log] 		Click on Save & Close 
2020-10-13 14:16:43,366 INFO  [Log] Verify the article is saved successfully 
2020-10-13 14:16:43,439 INFO  [Log] -----------------------Close browser------------------------

 
2020-10-13 14:45:03,265 INFO  [Log] -----------------------Start browser------------------------
 
2020-10-13 14:45:04,288 INFO  [WebDriverManager] Using chromedriver 85.0.4183.87 (resolved driver for Chrome 85) 
2020-10-13 14:45:04,336 INFO  [WebDriverManager] Exporting webdriver.chrome.driver as C:\Users\SATTDN20.02.03\.cache\selenium\chromedriver\win32\85.0.4183.87\chromedriver.exe 
2020-10-13 14:45:10,501 INFO  [Log] Navigate to url: http://13.82.211.128:8080/administrator 
2020-10-13 14:45:13,260 INFO  [Log] 		Enter data for the username field: huy 
2020-10-13 14:45:13,464 INFO  [Log] 		Enter data for the passwd field: huy123 
2020-10-13 14:45:13,698 INFO  [Log] 		Click on Log in 
2020-10-13 14:45:15,393 INFO  [Log] 		Click on Content 
2020-10-13 14:45:15,591 INFO  [Log] 		Click on Articles 
2020-10-13 14:45:17,140 INFO  [Log] 		Click on New 
2020-10-13 14:45:23,958 INFO  [Log] 	Create new random title 
2020-10-13 14:45:24,098 INFO  [Log] 	Create new random article text 
2020-10-13 14:45:24,147 INFO  [Log] 		Enter data for the jform[title] field: Time To Murder And Create 
2020-10-13 14:45:24,382 INFO  [Log] 		Enter data for the  field: We’ve all got both light and dark inside us. What matters is the part we choose to act on. That’s who we really are. 
2020-10-13 14:45:24,840 INFO  [Log] 		Click on Sample Data-Articles 
2020-10-13 14:45:25,046 INFO  [Log] 		Click on - Joomla! 
2020-10-13 14:45:25,261 INFO  [Log] 		Click on Published 
2020-10-13 14:45:25,419 INFO  [Log] 		Click on Published 
2020-10-13 14:45:25,588 INFO  [Log] 		Click on Save & Close 
2020-10-13 14:45:26,971 INFO  [Log] Verify the article is saved successfully 
2020-10-13 14:45:27,103 INFO  [Log] 		Click on Content 
2020-10-13 14:45:27,320 INFO  [Log] 		Click on Articles 
2020-10-13 14:45:28,268 INFO  [Log] 		Click on  
2020-10-13 14:45:28,437 INFO  [Log] 		Click on Edit 
2020-10-13 14:45:30,588 INFO  [Log] 	Create new random title 
2020-10-13 14:45:30,588 INFO  [Log] 	Create new random article text 
2020-10-13 14:45:30,612 INFO  [Log] 		Enter data for the jform[title] field: Antic Hay 
2020-10-13 14:45:30,832 INFO  [Log] 		Enter data for the  field: Words are in my not-so-humble opinion, the most inexhaustible form of magic we have, capable both of inflicting injury and remedying it. 
2020-10-13 14:45:31,332 INFO  [Log] 		Click on - Joomla! 
2020-10-13 14:45:31,546 INFO  [Log] 		Click on Sample Data-Articles 
2020-10-13 14:45:31,722 INFO  [Log] 		Click on Published 
2020-10-13 14:45:31,876 INFO  [Log] 		Click on Published 
2020-10-13 14:45:32,033 INFO  [Log] 		Click on Save & Close 
2020-10-13 14:45:33,521 INFO  [Log] Verify the article is saved successfully 
2020-10-13 14:45:33,600 INFO  [Log] -----------------------Close browser------------------------

 
2020-10-13 15:56:55,835 INFO  [Log] 	Create new random title 
2020-10-13 15:56:55,991 INFO  [Log] 	Create new random article text 
2020-10-13 15:56:56,147 INFO  [Log] -----------------------Start browser------------------------
 
2020-10-13 15:56:57,131 INFO  [WebDriverManager] Using chromedriver 85.0.4183.87 (resolved driver for Chrome 85) 
2020-10-13 15:56:57,178 INFO  [WebDriverManager] Exporting webdriver.chrome.driver as C:\Users\SATTDN20.02.03\.cache\selenium\chromedriver\win32\85.0.4183.87\chromedriver.exe 
2020-10-13 15:57:03,452 INFO  [Log] [STEP 1] 
2020-10-13 15:57:03,452 INFO  [Log] Navigate to url: http://13.82.211.128:8080/administrator 
2020-10-13 16:01:23,913 INFO  [Log] [STEP 2 - 4] 
2020-10-13 16:31:14,507 INFO  [Log] 	Create new random title 
2020-10-13 16:31:14,694 INFO  [Log] 	Create new random article text 
2020-10-13 16:31:14,835 INFO  [Log] -----------------------Start browser------------------------
 
2020-10-13 16:31:15,554 INFO  [WebDriverManager] Using chromedriver 85.0.4183.87 (resolved driver for Chrome 85) 
2020-10-13 16:31:15,585 INFO  [WebDriverManager] Exporting webdriver.chrome.driver as C:\Users\SATTDN20.02.03\.cache\selenium\chromedriver\win32\85.0.4183.87\chromedriver.exe 
2020-10-13 16:31:21,622 INFO  [Log] [STEP 1] 
2020-10-13 16:31:21,623 INFO  [Log] Navigate to url: http://13.82.211.128:8080/administrator 
2020-10-13 16:31:24,327 INFO  [Log] [STEP 2 - 4] 
2020-10-13 16:31:24,393 INFO  [Log] 		Enter data for the username field: huy 
2020-10-13 16:31:24,731 INFO  [Log] 		Enter data for the passwd field: huy123 
2020-10-13 16:31:25,098 INFO  [Log] 		Click on Log in 
2020-10-13 16:31:26,687 INFO  [Log] [STEP 5] 
2020-10-13 16:31:26,761 INFO  [Log] 		Click on Content 
2020-10-13 16:31:27,011 INFO  [Log] 		Click on Articles 
2020-10-13 16:31:29,915 INFO  [Log] [STEP 6] 
2020-10-13 16:31:29,989 INFO  [Log] 		Click on New 
2020-10-13 16:31:36,844 INFO  [Log] [STEP 7 - 11] 
2020-10-13 16:31:36,877 INFO  [Log] 		Enter data for the jform[title] field: The Needle's Eye 
2020-10-13 16:31:37,095 INFO  [Log] 		Enter data for the  field: To the well-organized mind, death is but the next great adventure. 
2020-10-13 16:31:37,482 INFO  [Log] 		Click on Sample Data-Articles 
2020-10-13 16:31:37,691 INFO  [Log] 		Click on - Joomla! 
2020-10-13 16:31:37,860 INFO  [Log] 		Click on Published 
2020-10-13 16:31:38,018 INFO  [Log] 		Click on Published 
2020-10-13 16:31:38,174 INFO  [Log] 		Click on Save & Close 
2020-10-13 16:31:39,602 INFO  [Log] [STEP 12]
Verify the article is saved successfully 
2020-10-13 16:31:39,682 INFO  [Log] [STEP 13] 
2020-10-13 16:31:39,738 INFO  [Log] 		Click on Content 
2020-10-13 16:31:39,926 INFO  [Log] 		Click on Articles 
2020-10-13 16:31:40,828 INFO  [Log] [STEP 14] 
2020-10-13 16:31:40,891 INFO  [Log] -----------------------Close browser------------------------

 
2020-10-13 16:31:41,673 INFO  [Log] -----------------------Start browser------------------------
 
2020-10-13 16:31:41,688 INFO  [WebDriverManager] Using chromedriver 85.0.4183.87 (resolved driver for Chrome 85) 
2020-10-13 16:31:41,704 INFO  [WebDriverManager] Exporting webdriver.chrome.driver as C:\Users\SATTDN20.02.03\.cache\selenium\chromedriver\win32\85.0.4183.87\chromedriver.exe 
2020-10-13 16:31:47,206 INFO  [Log] [STEP 1] 
2020-10-13 16:31:47,207 INFO  [Log] Navigate to url: http://13.82.211.128:8080/administrator 
2020-10-13 16:31:51,390 INFO  [Log] [STEP 2 - 4] 
2020-10-13 16:31:51,441 INFO  [Log] 		Enter data for the username field: huy 
2020-10-13 16:31:51,581 INFO  [Log] 		Enter data for the passwd field: huy123 
2020-10-13 16:31:51,755 INFO  [Log] 		Click on Log in 
2020-10-13 16:31:53,399 INFO  [Log] [STEP 5] 
2020-10-13 16:31:53,488 INFO  [Log] 		Click on Content 
2020-10-13 16:31:53,713 INFO  [Log] 		Click on Articles 
2020-10-13 16:31:55,673 INFO  [Log] [STEP 6] 
2020-10-13 16:31:55,765 INFO  [Log] 		Click on New 
2020-10-13 16:32:06,419 INFO  [Log] [STEP 7 - 11] 
2020-10-13 16:32:06,456 INFO  [Log] 		Enter data for the jform[title] field: The Needle's Eye 
2020-10-13 16:32:06,684 INFO  [Log] 		Enter data for the  field: To the well-organized mind, death is but the next great adventure. 
2020-10-13 16:32:07,104 INFO  [Log] 		Click on Sample Data-Articles 
2020-10-13 16:32:07,311 INFO  [Log] 		Click on - Joomla! 
2020-10-13 16:32:07,533 INFO  [Log] 		Click on Published 
2020-10-13 16:32:07,710 INFO  [Log] 		Click on Published 
2020-10-13 16:32:07,871 INFO  [Log] 		Click on Save & Close 
2020-10-13 16:32:09,499 INFO  [Log] [STEP 12]
Verify the article is saved successfully 
2020-10-13 16:38:07,779 INFO  [Log] 	Create new random title 
2020-10-13 16:38:07,998 INFO  [Log] 	Create new random article text 
2020-10-13 16:38:08,154 INFO  [Log] -----------------------Start browser------------------------
 
2020-10-13 16:38:08,920 INFO  [WebDriverManager] Using chromedriver 85.0.4183.87 (resolved driver for Chrome 85) 
2020-10-13 16:38:08,982 INFO  [WebDriverManager] Exporting webdriver.chrome.driver as C:\Users\SATTDN20.02.03\.cache\selenium\chromedriver\win32\85.0.4183.87\chromedriver.exe 
2020-10-13 16:38:15,074 INFO  [Log] [STEP 1] 
2020-10-13 16:38:15,074 INFO  [Log] Navigate to url: http://13.82.211.128:8080/administrator 
2020-10-13 16:38:17,839 INFO  [Log] [STEP 2 - 4] 
2020-10-13 16:38:17,919 INFO  [Log] 		Enter data for the username field: huy 
2020-10-13 16:38:18,112 INFO  [Log] 		Enter data for the passwd field: huy123 
2020-10-13 16:38:18,335 INFO  [Log] 		Click on Log in 
2020-10-13 16:38:19,968 INFO  [Log] [STEP 5] 
2020-10-13 16:38:20,038 INFO  [Log] 		Click on Content 
2020-10-13 16:38:20,272 INFO  [Log] 		Click on Articles 
2020-10-13 16:38:21,764 INFO  [Log] [STEP 6] 
2020-10-13 16:38:21,873 INFO  [Log] 		Click on New 
2020-10-13 16:38:27,962 INFO  [Log] [STEP 7 - 11] 
2020-10-13 16:38:28,000 INFO  [Log] 		Enter data for the jform[title] field: Dynamic Banking Engineer 
2020-10-13 16:38:28,236 INFO  [Log] 		Enter data for the  field: Of course it is happening inside your head, Harry, but why on earth should that mean that it is not real? 
2020-10-13 16:38:28,711 INFO  [Log] 		Click on Sample Data-Articles 
2020-10-13 16:38:28,908 INFO  [Log] 		Click on - Joomla! 
2020-10-13 16:38:29,137 INFO  [Log] 		Click on Published 
2020-10-13 16:38:29,307 INFO  [Log] 		Click on Published 
2020-10-13 16:38:29,474 INFO  [Log] 		Click on Save & Close 
2020-10-13 16:38:30,840 INFO  [Log] [STEP 12]
Verify the article is saved successfully 
2020-10-13 16:38:30,918 INFO  [Log] [STEP 13] 
2020-10-13 16:38:30,981 INFO  [Log] 		Click on Content 
2020-10-13 16:38:31,198 INFO  [Log] 		Click on Articles 
2020-10-13 16:38:32,090 INFO  [Log] [STEP 14] 
2020-10-13 16:38:32,174 INFO  [Log] 		Click on  
2020-10-13 16:38:32,292 INFO  [Log] [STEP 15] 
2020-10-13 16:38:32,348 INFO  [Log] 		Click on Edit 
2020-10-13 16:38:34,235 INFO  [Log] [STEP 16 - 18] 
2020-10-13 16:38:34,235 INFO  [Log] 	Create new random title 
2020-10-13 16:38:34,236 INFO  [Log] 	Create new random article text 
2020-10-13 16:38:34,265 INFO  [Log] 		Enter data for the jform[title] field: Human Banking Associate 
2020-10-13 16:38:34,572 INFO  [Log] 		Enter data for the  field: Of course it is happening inside your head, Harry, but why on earth should that mean that it is not real? 
2020-10-13 16:38:35,027 INFO  [Log] 		Click on - Joomla! 
2020-10-13 16:38:35,256 INFO  [Log] 		Click on Sample Data-Articles 
2020-10-13 16:38:35,430 INFO  [Log] 		Click on Published 
2020-10-13 16:38:35,587 INFO  [Log] 		Click on Published 
2020-10-13 16:38:35,742 INFO  [Log] 		Click on Save & Close 
2020-10-13 16:38:37,140 INFO  [Log] [STEP 19]
Verify the article is saved successfully 
2020-10-13 16:38:37,212 INFO  [Log] -----------------------Close browser------------------------

 
2020-10-13 16:38:37,960 INFO  [Log] -----------------------Start browser------------------------
 
2020-10-13 16:38:37,982 INFO  [WebDriverManager] Using chromedriver 85.0.4183.87 (resolved driver for Chrome 85) 
2020-10-13 16:38:37,996 INFO  [WebDriverManager] Exporting webdriver.chrome.driver as C:\Users\SATTDN20.02.03\.cache\selenium\chromedriver\win32\85.0.4183.87\chromedriver.exe 
2020-10-13 16:38:43,570 INFO  [Log] [STEP 1] 
2020-10-13 16:38:43,570 INFO  [Log] Navigate to url: http://13.82.211.128:8080/administrator 
2020-10-13 16:38:46,236 INFO  [Log] [STEP 2 - 4] 
2020-10-13 16:38:46,272 INFO  [Log] 		Enter data for the username field: huy 
2020-10-13 16:38:46,378 INFO  [Log] 		Enter data for the passwd field: huy123 
2020-10-13 16:38:46,551 INFO  [Log] 		Click on Log in 
2020-10-13 16:38:48,165 INFO  [Log] [STEP 5] 
2020-10-13 16:38:48,234 INFO  [Log] 		Click on Content 
2020-10-13 16:38:48,447 INFO  [Log] 		Click on Articles 
2020-10-13 16:38:49,879 INFO  [Log] [STEP 6] 
2020-10-13 16:38:49,946 INFO  [Log] 		Click on New 
2020-10-13 16:38:56,107 INFO  [Log] [STEP 7 - 11] 
2020-10-13 16:38:56,137 INFO  [Log] 		Enter data for the jform[title] field: Dynamic Banking Engineer 
2020-10-13 16:38:56,379 INFO  [Log] 		Enter data for the  field: Of course it is happening inside your head, Harry, but why on earth should that mean that it is not real? 
2020-10-13 16:38:56,804 INFO  [Log] 		Click on Sample Data-Articles 
2020-10-13 16:38:56,998 INFO  [Log] 		Click on - Joomla! 
2020-10-13 16:38:57,192 INFO  [Log] 		Click on Published 
2020-10-13 16:38:57,352 INFO  [Log] 		Click on Published 
2020-10-13 16:38:57,508 INFO  [Log] 		Click on Save & Close 
2020-10-13 16:38:58,852 INFO  [Log] [STEP 12]
Verify the article is saved successfully 
2020-10-13 16:38:58,928 INFO  [Log] [STEP 13 - 14] 
2020-10-13 16:38:58,955 INFO  [Log] 		Enter data for the filter[search] field: Dynamic Banking Engineer 
2020-10-13 16:38:59,223 INFO  [Log] 		Click on  
2020-10-13 16:39:00,010 INFO  [Log] [STEP 15]
Verify user can search for articles using the filter text field 
2020-10-13 16:39:10,053 INFO  [Log] -----------------------Close browser------------------------

 
2020-10-13 16:39:10,835 INFO  [Log] -----------------------Start browser------------------------
 
2020-10-13 16:39:10,866 INFO  [WebDriverManager] Using chromedriver 85.0.4183.87 (resolved driver for Chrome 85) 
2020-10-13 16:39:10,866 INFO  [WebDriverManager] Exporting webdriver.chrome.driver as C:\Users\SATTDN20.02.03\.cache\selenium\chromedriver\win32\85.0.4183.87\chromedriver.exe 
2020-10-13 16:39:16,489 INFO  [Log] [STEP 1] 
2020-10-13 16:39:16,489 INFO  [Log] Navigate to url: http://13.82.211.128:8080/administrator 
2020-10-13 16:39:19,195 INFO  [Log] [STEP 2 - 4] 
2020-10-13 16:39:19,246 INFO  [Log] 		Enter data for the username field: huy 
2020-10-13 16:39:19,383 INFO  [Log] 		Enter data for the passwd field: huy123 
2020-10-13 16:39:19,593 INFO  [Log] 		Click on Log in 
2020-10-13 16:39:21,200 INFO  [Log] [STEP 5] 
2020-10-13 16:39:21,311 INFO  [Log] 		Click on Content 
2020-10-13 16:39:21,634 INFO  [Log] 		Click on Articles 
2020-10-13 16:39:23,172 INFO  [Log] [STEP 6] 
2020-10-13 16:39:23,262 INFO  [Log] 		Click on New 
2020-10-13 16:39:29,549 INFO  [Log] [STEP 7 - 11] 
2020-10-13 16:39:29,578 INFO  [Log] 		Enter data for the jform[title] field: Dynamic Banking Engineer 
2020-10-13 16:39:29,812 INFO  [Log] 		Enter data for the  field: Of course it is happening inside your head, Harry, but why on earth should that mean that it is not real? 
2020-10-13 16:39:30,246 INFO  [Log] 		Click on Sample Data-Articles 
2020-10-13 16:39:30,447 INFO  [Log] 		Click on - Joomla! 
2020-10-13 16:39:30,644 INFO  [Log] 		Click on Published 
2020-10-13 16:39:30,802 INFO  [Log] 		Click on Published 
2020-10-13 16:39:30,959 INFO  [Log] 		Click on Save & Close 
2020-10-13 16:39:32,342 INFO  [Log] [STEP 12]
Verify the article is saved successfully 
2020-10-13 16:45:23,851 INFO  [Log] 	Create new random title 
2020-10-13 16:45:24,012 INFO  [Log] 	Create new random article text 
2020-10-13 16:45:24,175 INFO  [Log] -----------------------Start browser------------------------
 
2020-10-13 16:45:25,085 INFO  [WebDriverManager] Using chromedriver 85.0.4183.87 (resolved driver for Chrome 85) 
2020-10-13 16:45:25,152 INFO  [WebDriverManager] Exporting webdriver.chrome.driver as C:\Users\SATTDN20.02.03\.cache\selenium\chromedriver\win32\85.0.4183.87\chromedriver.exe 
2020-10-13 16:45:31,374 INFO  [Log] [STEP 1] 
2020-10-13 16:45:31,374 INFO  [Log] Navigate to url: http://13.82.211.128:8080/administrator 
2020-10-13 16:45:34,052 INFO  [Log] [STEP 2 - 4] 
2020-10-13 16:45:34,096 INFO  [Log] 		Enter data for the username field: huy 
2020-10-13 16:45:34,267 INFO  [Log] 		Enter data for the passwd field: huy123 
2020-10-13 16:45:34,471 INFO  [Log] 		Click on Log in 
2020-10-13 16:45:36,116 INFO  [Log] [STEP 5] 
2020-10-13 16:45:36,200 INFO  [Log] 		Click on Content 
2020-10-13 16:45:36,396 INFO  [Log] 		Click on Articles 
2020-10-13 16:45:37,887 INFO  [Log] [STEP 6] 
2020-10-13 16:45:37,958 INFO  [Log] 		Click on New 
2020-10-13 16:45:44,656 INFO  [Log] [STEP 7 - 11] 
2020-10-13 16:45:44,694 INFO  [Log] 		Enter data for the jform[title] field: Administration Architect 
2020-10-13 16:45:44,941 INFO  [Log] 		Enter data for the  field: To the well-organized mind, death is but the next great adventure. 
2020-10-13 16:45:45,312 INFO  [Log] 		Click on Sample Data-Articles 
2020-10-13 16:45:45,508 INFO  [Log] 		Click on - Joomla! 
2020-10-13 16:45:45,712 INFO  [Log] 		Click on Published 
2020-10-13 16:45:45,879 INFO  [Log] 		Click on Published 
2020-10-13 16:45:46,038 INFO  [Log] 		Click on Save & Close 
2020-10-13 16:45:47,518 INFO  [Log] [STEP 12]
Verify the article is saved successfully 
2020-10-13 16:45:47,591 INFO  [Log] [STEP 13] 
2020-10-13 16:45:47,650 INFO  [Log] 		Click on Content 
2020-10-13 16:45:47,839 INFO  [Log] 		Click on Articles 
2020-10-13 16:45:49,249 INFO  [Log] [STEP 14] 
2020-10-13 16:45:49,328 INFO  [Log] 		Click on  
2020-10-13 16:45:49,442 INFO  [Log] [STEP 15] 
2020-10-13 16:45:49,500 INFO  [Log] 		Click on Edit 
2020-10-13 16:45:51,434 INFO  [Log] [STEP 16 - 18] 
2020-10-13 16:45:51,435 INFO  [Log] 	Create new random title 
2020-10-13 16:45:51,435 INFO  [Log] 	Create new random article text 
2020-10-13 16:45:51,461 INFO  [Log] 		Enter data for the jform[title] field: Legacy Legal Orchestrator 
2020-10-13 16:45:51,732 INFO  [Log] 		Enter data for the  field: No story lives unless someone wants to listen. The stories we love best do live in us forever. So whether you come back by page or by the big screen, Hogwarts will always be there to welcome you home. 
2020-10-13 16:45:52,336 INFO  [Log] 		Click on - Joomla! 
2020-10-13 16:45:52,544 INFO  [Log] 		Click on Sample Data-Articles 
2020-10-13 16:45:52,723 INFO  [Log] 		Click on Published 
2020-10-13 16:45:52,882 INFO  [Log] 		Click on Published 
2020-10-13 16:45:53,042 INFO  [Log] 		Click on Save & Close 
2020-10-13 16:45:54,480 INFO  [Log] [STEP 19]
Verify the article is saved successfully 
2020-10-13 16:45:54,544 INFO  [Log] -----------------------Close browser------------------------

 
2020-10-13 16:45:55,275 INFO  [Log] -----------------------Start browser------------------------
 
2020-10-13 16:45:55,301 INFO  [WebDriverManager] Using chromedriver 85.0.4183.87 (resolved driver for Chrome 85) 
2020-10-13 16:45:55,316 INFO  [WebDriverManager] Exporting webdriver.chrome.driver as C:\Users\SATTDN20.02.03\.cache\selenium\chromedriver\win32\85.0.4183.87\chromedriver.exe 
2020-10-13 16:46:00,803 INFO  [Log] [STEP 1] 
2020-10-13 16:46:00,803 INFO  [Log] Navigate to url: http://13.82.211.128:8080/administrator 
2020-10-13 16:46:03,467 INFO  [Log] [STEP 2 - 4] 
2020-10-13 16:46:03,510 INFO  [Log] 		Enter data for the username field: huy 
2020-10-13 16:46:03,722 INFO  [Log] 		Enter data for the passwd field: huy123 
2020-10-13 16:46:03,895 INFO  [Log] 		Click on Log in 
2020-10-13 16:46:05,522 INFO  [Log] [STEP 5] 
2020-10-13 16:46:05,594 INFO  [Log] 		Click on Content 
2020-10-13 16:46:05,790 INFO  [Log] 		Click on Articles 
2020-10-13 16:46:07,325 INFO  [Log] [STEP 6] 
2020-10-13 16:46:07,401 INFO  [Log] 		Click on New 
2020-10-13 16:46:13,358 INFO  [Log] [STEP 7 - 11] 
2020-10-13 16:46:13,398 INFO  [Log] 		Enter data for the jform[title] field: Administration Architect 
2020-10-13 16:46:13,627 INFO  [Log] 		Enter data for the  field: To the well-organized mind, death is but the next great adventure. 
2020-10-13 16:46:13,988 INFO  [Log] 		Click on Sample Data-Articles 
2020-10-13 16:46:14,177 INFO  [Log] 		Click on - Joomla! 
2020-10-13 16:46:14,391 INFO  [Log] 		Click on Published 
2020-10-13 16:46:14,549 INFO  [Log] 		Click on Published 
2020-10-13 16:46:14,709 INFO  [Log] 		Click on Save & Close 
2020-10-13 16:46:16,073 INFO  [Log] [STEP 12]
Verify the article is saved successfully 
2020-10-13 16:46:16,145 INFO  [Log] [STEP 13 - 14] 
2020-10-13 16:46:16,174 INFO  [Log] 		Enter data for the filter[search] field: Administration Architect 
2020-10-13 16:46:16,445 INFO  [Log] 		Click on  
2020-10-13 16:46:17,277 INFO  [Log] [STEP 15]
Verify user can search for articles using the filter text field 
2020-10-13 16:46:27,289 INFO  [Log] -----------------------Close browser------------------------

 
2020-10-13 16:46:28,054 INFO  [Log] -----------------------Start browser------------------------
 
2020-10-13 16:46:28,070 INFO  [WebDriverManager] Using chromedriver 85.0.4183.87 (resolved driver for Chrome 85) 
2020-10-13 16:46:28,086 INFO  [WebDriverManager] Exporting webdriver.chrome.driver as C:\Users\SATTDN20.02.03\.cache\selenium\chromedriver\win32\85.0.4183.87\chromedriver.exe 
2020-10-13 16:46:33,589 INFO  [Log] [STEP 1] 
2020-10-13 16:46:33,589 INFO  [Log] Navigate to url: http://13.82.211.128:8080/administrator 
2020-10-13 16:46:36,278 INFO  [Log] [STEP 2 - 4] 
2020-10-13 16:46:36,321 INFO  [Log] 		Enter data for the username field: huy 
2020-10-13 16:46:36,445 INFO  [Log] 		Enter data for the passwd field: huy123 
2020-10-13 16:46:36,637 INFO  [Log] 		Click on Log in 
2020-10-13 16:46:38,266 INFO  [Log] [STEP 5] 
2020-10-13 16:46:38,331 INFO  [Log] 		Click on Content 
2020-10-13 16:46:38,608 INFO  [Log] 		Click on Articles 
2020-10-13 16:46:40,165 INFO  [Log] [STEP 6] 
2020-10-13 16:46:40,254 INFO  [Log] 		Click on New 
2020-10-13 16:46:46,181 INFO  [Log] [STEP 7 - 11] 
2020-10-13 16:46:46,219 INFO  [Log] 		Enter data for the jform[title] field: Administration Architect 
2020-10-13 16:46:46,452 INFO  [Log] 		Enter data for the  field: To the well-organized mind, death is but the next great adventure. 
2020-10-13 16:46:46,816 INFO  [Log] 		Click on Sample Data-Articles 
2020-10-13 16:46:47,005 INFO  [Log] 		Click on - Joomla! 
2020-10-13 16:46:47,205 INFO  [Log] 		Click on Published 
2020-10-13 16:46:47,364 INFO  [Log] 		Click on Published 
2020-10-13 16:46:47,520 INFO  [Log] 		Click on Save & Close 
2020-10-13 16:46:48,934 INFO  [Log] [STEP 12]
Verify the article is saved successfully 
2020-10-13 16:46:49,004 INFO  [Log] [STEP 13 - 14] 
2020-10-13 16:46:49,085 INFO  [Log] 		Click on  
2020-10-13 16:46:49,270 INFO  [Log] 		Click on  
2020-10-13 16:46:50,440 INFO  [Log] -----------------------Close browser------------------------

 
2020-10-13 16:53:03,054 INFO  [Log] 	Create new random title 
2020-10-13 16:53:03,249 INFO  [Log] 	Create new random article text 
2020-10-13 16:53:03,405 INFO  [Log] -----------------------Start browser------------------------
 
2020-10-13 16:53:04,123 INFO  [WebDriverManager] Using chromedriver 85.0.4183.87 (resolved driver for Chrome 85) 
2020-10-13 16:53:04,155 INFO  [WebDriverManager] Exporting webdriver.chrome.driver as C:\Users\SATTDN20.02.03\.cache\selenium\chromedriver\win32\85.0.4183.87\chromedriver.exe 
2020-10-13 16:53:10,263 INFO  [Log] [STEP 1] 
2020-10-13 16:53:10,264 INFO  [Log] Navigate to url: http://13.82.211.128:8080/administrator 
2020-10-13 16:53:31,327 INFO  [Log] [STEP 2 - 4] 
2020-10-13 16:53:31,367 INFO  [Log] 		Enter data for the username field: huy 
2020-10-13 16:53:31,571 INFO  [Log] 		Enter data for the passwd field: huy123 
2020-10-13 16:53:31,780 INFO  [Log] 		Click on Log in 
2020-10-13 16:53:33,650 INFO  [Log] [STEP 5] 
2020-10-13 16:53:33,726 INFO  [Log] 		Click on Content 
2020-10-13 16:53:33,960 INFO  [Log] 		Click on Articles 
2020-10-13 16:53:37,272 INFO  [Log] [STEP 6] 
2020-10-13 16:53:37,348 INFO  [Log] 		Click on New 
2020-10-13 16:53:43,526 INFO  [Log] [STEP 7 - 11] 
2020-10-13 16:53:43,557 INFO  [Log] 		Enter data for the jform[title] field: District Retail Assistant 
2020-10-13 16:53:43,796 INFO  [Log] 		Enter data for the  field: It takes a great deal of bravery to stand up to our enemies, but just as much to stand up to our friends. 
2020-10-13 16:53:44,238 INFO  [Log] 		Click on Sample Data-Articles 
2020-10-13 16:54:37,775 INFO  [Log] 	Create new random title 
2020-10-13 16:54:37,929 INFO  [Log] 	Create new random article text 
2020-10-13 16:54:38,084 INFO  [Log] -----------------------Start browser------------------------
 
2020-10-13 16:54:38,911 INFO  [WebDriverManager] Using chromedriver 85.0.4183.87 (resolved driver for Chrome 85) 
2020-10-13 16:54:38,960 INFO  [WebDriverManager] Exporting webdriver.chrome.driver as C:\Users\SATTDN20.02.03\.cache\selenium\chromedriver\win32\85.0.4183.87\chromedriver.exe 
2020-10-13 16:54:45,208 INFO  [Log] [STEP 1] 
2020-10-13 16:54:45,208 INFO  [Log] Navigate to url: http://13.82.211.128:8080/administrator 
2020-10-13 16:54:47,825 INFO  [Log] [STEP 2 - 4] 
2020-10-13 16:54:47,882 INFO  [Log] 		Enter data for the username field: huy 
2020-10-13 16:54:48,061 INFO  [Log] 		Enter data for the passwd field: huy123 
2020-10-13 16:54:48,284 INFO  [Log] 		Click on Log in 
2020-10-13 16:54:49,882 INFO  [Log] [STEP 5] 
2020-10-13 16:54:49,965 INFO  [Log] 		Click on Content 
2020-10-13 16:54:50,232 INFO  [Log] 		Click on Articles 
2020-10-13 16:54:53,068 INFO  [Log] [STEP 6] 
2020-10-13 16:54:53,164 INFO  [Log] 		Click on New 
2020-10-13 16:55:00,923 INFO  [Log] [STEP 7 - 11] 
2020-10-13 16:55:00,952 INFO  [Log] 		Enter data for the jform[title] field: Legal Analyst 
2020-10-13 16:55:01,192 INFO  [Log] 		Enter data for the  field: You sort of start thinking anything’s possible if you’ve got enough nerve. 
2020-10-13 16:55:01,580 INFO  [Log] 		Click on Sample Data-Articles 
2020-10-13 16:55:01,777 INFO  [Log] 		Click on - Joomla! 
2020-10-13 16:55:01,968 INFO  [Log] 		Click on Published 
2020-10-13 16:55:02,176 INFO  [Log] 		Click on Published 
2020-10-13 16:55:02,333 INFO  [Log] 		Click on Save & Close 
2020-10-13 16:55:03,751 INFO  [Log] [STEP 12]
Verify the article is saved successfully 
2020-10-13 16:55:03,825 INFO  [Log] [STEP 13] 
2020-10-13 16:55:03,898 INFO  [Log] 		Click on Content 
2020-10-13 16:55:04,103 INFO  [Log] 		Click on Articles 
2020-10-13 16:55:05,132 INFO  [Log] [STEP 14] 
2020-10-13 16:55:05,265 INFO  [Log] 		Click on  
2020-10-13 16:55:06,461 INFO  [Log] -----------------------Close browser------------------------

 
2020-10-13 16:55:07,226 INFO  [Log] -----------------------Start browser------------------------
 
2020-10-13 16:55:07,242 INFO  [WebDriverManager] Using chromedriver 85.0.4183.87 (resolved driver for Chrome 85) 
2020-10-13 16:55:07,257 INFO  [WebDriverManager] Exporting webdriver.chrome.driver as C:\Users\SATTDN20.02.03\.cache\selenium\chromedriver\win32\85.0.4183.87\chromedriver.exe 
2020-10-13 16:55:12,837 INFO  [Log] [STEP 1] 
2020-10-13 16:55:12,837 INFO  [Log] Navigate to url: http://13.82.211.128:8080/administrator 
2020-10-13 16:55:15,455 INFO  [Log] [STEP 2 - 4] 
2020-10-13 16:55:15,516 INFO  [Log] 		Enter data for the username field: huy 
2020-10-13 16:55:15,794 INFO  [Log] 		Enter data for the passwd field: huy123 
2020-10-13 16:55:16,087 INFO  [Log] 		Click on Log in 
2020-10-13 16:55:17,706 INFO  [Log] [STEP 5] 
2020-10-13 16:55:17,786 INFO  [Log] 		Click on Content 
2020-10-13 16:55:18,008 INFO  [Log] 		Click on Articles 
2020-10-13 16:55:19,455 INFO  [Log] [STEP 6] 
2020-10-13 16:55:19,527 INFO  [Log] 		Click on New 
2020-10-13 16:55:25,592 INFO  [Log] [STEP 7 - 11] 
2020-10-13 16:55:25,627 INFO  [Log] 		Enter data for the jform[title] field: Legal Analyst 
2020-10-13 16:55:25,829 INFO  [Log] 		Enter data for the  field: You sort of start thinking anything’s possible if you’ve got enough nerve. 
2020-10-13 16:55:26,191 INFO  [Log] 		Click on Sample Data-Articles 
2020-10-13 16:55:26,377 INFO  [Log] 		Click on - Joomla! 
2020-10-13 16:55:26,594 INFO  [Log] 		Click on Published 
2020-10-13 16:55:26,756 INFO  [Log] 		Click on Published 
2020-10-13 16:55:26,926 INFO  [Log] 		Click on Save & Close 
2020-10-13 16:55:28,291 INFO  [Log] [STEP 12]
Verify the article is saved successfully 
2020-10-13 16:55:28,373 INFO  [Log] [STEP 13 - 14] 
2020-10-13 16:55:28,405 INFO  [Log] 		Enter data for the filter[search] field: Legal Analyst 
2020-10-13 16:55:28,642 INFO  [Log] 		Click on  
2020-10-13 16:55:29,496 INFO  [Log] [STEP 15]
Verify user can search for articles using the filter text field 
2020-10-13 16:55:39,547 INFO  [Log] -----------------------Close browser------------------------

 
2020-10-13 16:55:40,297 INFO  [Log] -----------------------Start browser------------------------
 
2020-10-13 16:55:40,313 INFO  [WebDriverManager] Using chromedriver 85.0.4183.87 (resolved driver for Chrome 85) 
2020-10-13 16:55:40,344 INFO  [WebDriverManager] Exporting webdriver.chrome.driver as C:\Users\SATTDN20.02.03\.cache\selenium\chromedriver\win32\85.0.4183.87\chromedriver.exe 
2020-10-13 16:55:46,070 INFO  [Log] [STEP 1] 
2020-10-13 16:55:46,070 INFO  [Log] Navigate to url: http://13.82.211.128:8080/administrator 
2020-10-13 16:55:48,775 INFO  [Log] [STEP 2 - 4] 
2020-10-13 16:55:48,816 INFO  [Log] 		Enter data for the username field: huy 
2020-10-13 16:55:48,964 INFO  [Log] 		Enter data for the passwd field: huy123 
2020-10-13 16:55:49,213 INFO  [Log] 		Click on Log in 
2020-10-13 16:55:51,133 INFO  [Log] [STEP 5] 
2020-10-13 16:55:51,303 INFO  [Log] 		Click on Content 
2020-10-13 16:55:51,674 INFO  [Log] 		Click on Articles 
2020-10-13 16:55:53,422 INFO  [Log] [STEP 6] 
2020-10-13 16:55:53,508 INFO  [Log] 		Click on New 
2020-10-13 16:56:01,425 INFO  [Log] [STEP 7 - 11] 
2020-10-13 16:56:01,457 INFO  [Log] 		Enter data for the jform[title] field: Legal Analyst 
2020-10-13 16:56:01,700 INFO  [Log] 		Enter data for the  field: You sort of start thinking anything’s possible if you’ve got enough nerve. 
2020-10-13 16:56:02,062 INFO  [Log] 		Click on Sample Data-Articles 
2020-10-13 16:56:02,271 INFO  [Log] 		Click on - Joomla! 
2020-10-13 16:56:02,471 INFO  [Log] 		Click on Published 
2020-10-13 16:56:02,643 INFO  [Log] 		Click on Published 
2020-10-13 16:56:02,847 INFO  [Log] 		Click on Save & Close 
2020-10-13 16:56:04,250 INFO  [Log] [STEP 12]
Verify the article is saved successfully 
2020-10-13 16:56:04,326 INFO  [Log] [STEP 13 - 14] 
2020-10-13 16:56:04,445 INFO  [Log] 		Click on  
2020-10-13 16:56:05,616 INFO  [Log] -----------------------Close browser------------------------

 
2020-10-13 16:57:07,040 INFO  [Log] 	Create new random title 
2020-10-13 16:57:07,180 INFO  [Log] 	Create new random article text 
2020-10-13 16:57:07,337 INFO  [Log] -----------------------Start browser------------------------
 
2020-10-13 16:57:08,274 INFO  [WebDriverManager] Using chromedriver 85.0.4183.87 (resolved driver for Chrome 85) 
2020-10-13 16:57:08,305 INFO  [WebDriverManager] Exporting webdriver.chrome.driver as C:\Users\SATTDN20.02.03\.cache\selenium\chromedriver\win32\85.0.4183.87\chromedriver.exe 
2020-10-13 16:57:14,548 INFO  [Log] [STEP 1] 
2020-10-13 16:57:14,548 INFO  [Log] Navigate to url: http://13.82.211.128:8080/administrator 
2020-10-13 16:57:17,219 INFO  [Log] [STEP 2 - 4] 
2020-10-13 16:57:17,276 INFO  [Log] 		Enter data for the username field: huy 
2020-10-13 16:57:17,455 INFO  [Log] 		Enter data for the passwd field: huy123 
2020-10-13 16:57:17,726 INFO  [Log] 		Click on Log in 
2020-10-13 16:57:19,297 INFO  [Log] [STEP 5] 
2020-10-13 16:57:19,365 INFO  [Log] 		Click on Content 
2020-10-13 16:57:19,599 INFO  [Log] 		Click on Articles 
2020-10-13 16:57:21,108 INFO  [Log] [STEP 6] 
2020-10-13 16:57:21,194 INFO  [Log] 		Click on New 
2020-10-13 16:57:27,437 INFO  [Log] [STEP 7 - 11] 
2020-10-13 16:57:27,476 INFO  [Log] 		Enter data for the jform[title] field: Consulting Planner 
2020-10-13 16:57:27,703 INFO  [Log] 		Enter data for the  field: Things we lose have a way of coming back to us in the end, if not always in the way we expect. 
2020-10-13 16:57:28,115 INFO  [Log] 		Click on Sample Data-Articles 
2020-10-13 16:57:28,314 INFO  [Log] 		Click on - Joomla! 
2020-10-13 16:57:28,525 INFO  [Log] 		Click on Published 
2020-10-13 16:57:28,709 INFO  [Log] 		Click on Published 
2020-10-13 16:57:28,871 INFO  [Log] 		Click on Save & Close 
2020-10-13 16:57:30,374 INFO  [Log] [STEP 12]
Verify the article is saved successfully 
2020-10-13 16:57:30,450 INFO  [Log] [STEP 13] 
2020-10-13 16:57:30,511 INFO  [Log] 		Click on Content 
2020-10-13 16:57:30,715 INFO  [Log] 		Click on Articles 
2020-10-13 16:57:31,587 INFO  [Log] [STEP 14] 
2020-10-13 16:57:31,673 INFO  [Log] 		Click on  
2020-10-13 16:57:31,799 INFO  [Log] [STEP 15] 
2020-10-13 16:57:31,870 INFO  [Log] 		Click on Edit 
2020-10-13 16:57:33,784 INFO  [Log] [STEP 16 - 18] 
2020-10-13 16:57:33,784 INFO  [Log] 	Create new random title 
2020-10-13 16:57:33,785 INFO  [Log] 	Create new random article text 
2020-10-13 16:57:33,809 INFO  [Log] 		Enter data for the jform[title] field: Principal Administration Facilitator 
2020-10-13 16:57:34,094 INFO  [Log] 		Enter data for the  field: You're a wizard, Harry. 
2020-10-13 16:57:34,378 INFO  [Log] 		Click on - Joomla! 
2020-10-13 16:57:34,590 INFO  [Log] 		Click on Sample Data-Articles 
2020-10-13 16:57:34,769 INFO  [Log] 		Click on Published 
2020-10-13 16:57:34,971 INFO  [Log] 		Click on Published 
2020-10-13 16:57:35,130 INFO  [Log] 		Click on Save & Close 
2020-10-13 16:57:36,533 INFO  [Log] [STEP 19]
Verify the article is saved successfully 
2020-10-13 16:57:36,600 INFO  [Log] -----------------------Close browser------------------------

 
2020-10-13 16:57:37,343 INFO  [Log] -----------------------Start browser------------------------
 
2020-10-13 16:57:37,358 INFO  [WebDriverManager] Using chromedriver 85.0.4183.87 (resolved driver for Chrome 85) 
2020-10-13 16:57:37,374 INFO  [WebDriverManager] Exporting webdriver.chrome.driver as C:\Users\SATTDN20.02.03\.cache\selenium\chromedriver\win32\85.0.4183.87\chromedriver.exe 
2020-10-13 16:57:42,980 INFO  [Log] [STEP 1] 
2020-10-13 16:57:42,980 INFO  [Log] Navigate to url: http://13.82.211.128:8080/administrator 
2020-10-13 16:57:45,607 INFO  [Log] [STEP 2 - 4] 
2020-10-13 16:57:45,657 INFO  [Log] 		Enter data for the username field: huy 
2020-10-13 16:57:45,791 INFO  [Log] 		Enter data for the passwd field: huy123 
2020-10-13 16:57:45,970 INFO  [Log] 		Click on Log in 
2020-10-13 16:57:47,603 INFO  [Log] [STEP 5] 
2020-10-13 16:57:47,674 INFO  [Log] 		Click on Content 
2020-10-13 16:57:47,891 INFO  [Log] 		Click on Articles 
2020-10-13 16:57:50,060 INFO  [Log] [STEP 6] 
2020-10-13 16:57:50,135 INFO  [Log] 		Click on New 
2020-10-13 16:57:56,449 INFO  [Log] [STEP 7 - 11] 
2020-10-13 16:57:56,478 INFO  [Log] 		Enter data for the jform[title] field: Consulting Planner 
2020-10-13 16:57:56,703 INFO  [Log] 		Enter data for the  field: Things we lose have a way of coming back to us in the end, if not always in the way we expect. 
2020-10-13 16:57:57,119 INFO  [Log] 		Click on Sample Data-Articles 
2020-10-13 16:57:57,342 INFO  [Log] 		Click on - Joomla! 
2020-10-13 16:57:57,534 INFO  [Log] 		Click on Published 
2020-10-13 16:57:57,706 INFO  [Log] 		Click on Published 
2020-10-13 16:57:57,862 INFO  [Log] 		Click on Save & Close 
2020-10-13 16:57:59,267 INFO  [Log] [STEP 12]
Verify the article is saved successfully 
2020-10-13 16:57:59,339 INFO  [Log] [STEP 13 - 14] 
2020-10-13 16:57:59,368 INFO  [Log] 		Enter data for the filter[search] field: Consulting Planner 
2020-10-13 16:57:59,632 INFO  [Log] 		Click on  
2020-10-13 16:58:01,224 INFO  [Log] [STEP 15]
Verify user can search for articles using the filter text field 
2020-10-13 16:58:11,295 INFO  [Log] -----------------------Close browser------------------------

 
2020-10-13 16:58:12,076 INFO  [Log] -----------------------Start browser------------------------
 
2020-10-13 16:58:12,092 INFO  [WebDriverManager] Using chromedriver 85.0.4183.87 (resolved driver for Chrome 85) 
2020-10-13 16:58:12,123 INFO  [WebDriverManager] Exporting webdriver.chrome.driver as C:\Users\SATTDN20.02.03\.cache\selenium\chromedriver\win32\85.0.4183.87\chromedriver.exe 
2020-10-13 16:58:17,652 INFO  [Log] [STEP 1] 
2020-10-13 16:58:17,652 INFO  [Log] Navigate to url: http://13.82.211.128:8080/administrator 
2020-10-13 16:58:20,264 INFO  [Log] [STEP 2 - 4] 
2020-10-13 16:58:20,314 INFO  [Log] 		Enter data for the username field: huy 
2020-10-13 16:58:20,475 INFO  [Log] 		Enter data for the passwd field: huy123 
2020-10-13 16:58:20,673 INFO  [Log] 		Click on Log in 
2020-10-13 16:58:22,313 INFO  [Log] [STEP 5] 
2020-10-13 16:58:22,372 INFO  [Log] 		Click on Content 
2020-10-13 16:58:22,589 INFO  [Log] 		Click on Articles 
2020-10-13 16:58:24,016 INFO  [Log] [STEP 6] 
2020-10-13 16:58:24,107 INFO  [Log] 		Click on New 
2020-10-13 16:58:30,277 INFO  [Log] [STEP 7 - 11] 
2020-10-13 16:58:30,307 INFO  [Log] 		Enter data for the jform[title] field: Consulting Planner 
2020-10-13 16:58:30,532 INFO  [Log] 		Enter data for the  field: Things we lose have a way of coming back to us in the end, if not always in the way we expect. 
2020-10-13 16:58:30,964 INFO  [Log] 		Click on Sample Data-Articles 
2020-10-13 16:58:31,158 INFO  [Log] 		Click on - Joomla! 
2020-10-13 16:58:31,359 INFO  [Log] 		Click on Published 
2020-10-13 16:58:31,519 INFO  [Log] 		Click on Published 
2020-10-13 16:58:31,683 INFO  [Log] 		Click on Save & Close 
2020-10-13 16:58:33,061 INFO  [Log] [STEP 12]
Verify the article is saved successfully 
2020-10-13 16:58:33,133 INFO  [Log] [STEP 13 - 14] 
2020-10-13 16:58:33,208 INFO  [Log] 		Click on  
2020-10-13 16:58:43,435 INFO  [Log] -----------------------Close browser------------------------

 
2020-10-13 16:59:54,908 INFO  [Log] 	Create new random title 
2020-10-13 16:59:55,082 INFO  [Log] 	Create new random article text 
2020-10-13 16:59:55,207 INFO  [Log] -----------------------Start browser------------------------
 
2020-10-13 16:59:55,847 INFO  [WebDriverManager] Using chromedriver 85.0.4183.87 (resolved driver for Chrome 85) 
2020-10-13 16:59:55,879 INFO  [WebDriverManager] Exporting webdriver.chrome.driver as C:\Users\SATTDN20.02.03\.cache\selenium\chromedriver\win32\85.0.4183.87\chromedriver.exe 
2020-10-13 17:00:02,151 INFO  [Log] [STEP 1] 
2020-10-13 17:00:02,151 INFO  [Log] Navigate to url: http://13.82.211.128:8080/administrator 
2020-10-13 17:00:04,786 INFO  [Log] [STEP 2 - 4] 
2020-10-13 17:00:04,846 INFO  [Log] 		Enter data for the username field: huy 
2020-10-13 17:00:05,100 INFO  [Log] 		Enter data for the passwd field: huy123 
2020-10-13 17:00:05,308 INFO  [Log] 		Click on Log in 
2020-10-13 17:00:06,968 INFO  [Log] [STEP 5] 
2020-10-13 17:00:07,048 INFO  [Log] 		Click on Content 
2020-10-13 17:00:07,257 INFO  [Log] 		Click on Articles 
2020-10-13 17:00:08,716 INFO  [Log] [STEP 6] 
2020-10-13 17:00:08,796 INFO  [Log] 		Click on New 
2020-10-13 17:00:14,699 INFO  [Log] [STEP 7 - 11] 
2020-10-13 17:00:14,740 INFO  [Log] 		Enter data for the jform[title] field: Forward Mining Designer 
2020-10-13 17:00:14,972 INFO  [Log] 		Enter data for the  field: Happiness can be found even in the darkest of times if only one remembers to turn on the light. 
2020-10-13 17:00:15,387 INFO  [Log] 		Click on Sample Data-Articles 
2020-10-13 17:00:15,582 INFO  [Log] 		Click on - Joomla! 
2020-10-13 17:00:15,789 INFO  [Log] 		Click on Published 
2020-10-13 17:00:15,957 INFO  [Log] 		Click on Published 
2020-10-13 17:00:16,116 INFO  [Log] 		Click on Save & Close 
2020-10-13 17:00:17,533 INFO  [Log] [STEP 12]
Verify the article is saved successfully 
2020-10-13 17:00:17,610 INFO  [Log] [STEP 13] 
2020-10-13 17:00:17,670 INFO  [Log] 		Click on Content 
2020-10-13 17:00:17,864 INFO  [Log] 		Click on Articles 
2020-10-13 17:00:18,745 INFO  [Log] [STEP 14] 
2020-10-13 17:00:18,826 INFO  [Log] 		Click on  
2020-10-13 17:00:18,947 INFO  [Log] [STEP 15] 
2020-10-13 17:00:19,005 INFO  [Log] 		Click on Edit 
2020-10-13 17:00:21,109 INFO  [Log] [STEP 16 - 18] 
2020-10-13 17:00:21,109 INFO  [Log] 	Create new random title 
2020-10-13 17:00:21,110 INFO  [Log] 	Create new random article text 
2020-10-13 17:00:21,138 INFO  [Log] 		Enter data for the jform[title] field: Technology Designer 
2020-10-13 17:00:21,379 INFO  [Log] 		Enter data for the  field: After all this time? Always. 
2020-10-13 17:00:21,683 INFO  [Log] 		Click on - Joomla! 
2020-10-13 17:00:21,896 INFO  [Log] 		Click on Sample Data-Articles 
2020-10-13 17:00:22,070 INFO  [Log] 		Click on Published 
2020-10-13 17:00:22,256 INFO  [Log] 		Click on Published 
2020-10-13 17:00:22,413 INFO  [Log] 		Click on Save & Close 
2020-10-13 17:00:23,837 INFO  [Log] [STEP 19]
Verify the article is saved successfully 
2020-10-13 17:00:23,903 INFO  [Log] -----------------------Close browser------------------------

 
2020-10-13 17:00:24,699 INFO  [Log] -----------------------Start browser------------------------
 
2020-10-13 17:00:24,714 INFO  [WebDriverManager] Using chromedriver 85.0.4183.87 (resolved driver for Chrome 85) 
2020-10-13 17:00:24,730 INFO  [WebDriverManager] Exporting webdriver.chrome.driver as C:\Users\SATTDN20.02.03\.cache\selenium\chromedriver\win32\85.0.4183.87\chromedriver.exe 
2020-10-13 17:00:30,266 INFO  [Log] [STEP 1] 
2020-10-13 17:00:30,266 INFO  [Log] Navigate to url: http://13.82.211.128:8080/administrator 
2020-10-13 17:00:32,915 INFO  [Log] [STEP 2 - 4] 
2020-10-13 17:00:32,961 INFO  [Log] 		Enter data for the username field: huy 
2020-10-13 17:00:33,113 INFO  [Log] 		Enter data for the passwd field: huy123 
2020-10-13 17:00:33,286 INFO  [Log] 		Click on Log in 
2020-10-13 17:00:34,924 INFO  [Log] [STEP 5] 
2020-10-13 17:00:34,984 INFO  [Log] 		Click on Content 
2020-10-13 17:00:35,183 INFO  [Log] 		Click on Articles 
2020-10-13 17:00:36,696 INFO  [Log] [STEP 6] 
2020-10-13 17:00:36,773 INFO  [Log] 		Click on New 
2020-10-13 17:00:42,834 INFO  [Log] [STEP 7 - 11] 
2020-10-13 17:00:42,865 INFO  [Log] 		Enter data for the jform[title] field: Forward Mining Designer 
2020-10-13 17:00:43,101 INFO  [Log] 		Enter data for the  field: Happiness can be found even in the darkest of times if only one remembers to turn on the light. 
2020-10-13 17:00:43,511 INFO  [Log] 		Click on Sample Data-Articles 
2020-10-13 17:00:43,701 INFO  [Log] 		Click on - Joomla! 
2020-10-13 17:00:43,898 INFO  [Log] 		Click on Published 
2020-10-13 17:00:44,059 INFO  [Log] 		Click on Published 
2020-10-13 17:00:44,215 INFO  [Log] 		Click on Save & Close 
2020-10-13 17:00:45,614 INFO  [Log] [STEP 12]
Verify the article is saved successfully 
2020-10-13 17:00:45,690 INFO  [Log] [STEP 13 - 14] 
2020-10-13 17:00:45,718 INFO  [Log] 		Enter data for the filter[search] field: Forward Mining Designer 
2020-10-13 17:00:46,008 INFO  [Log] 		Click on  
2020-10-13 17:00:46,823 INFO  [Log] [STEP 15]
Verify user can search for articles using the filter text field 
2020-10-13 17:00:56,863 INFO  [Log] -----------------------Close browser------------------------

 
2020-10-13 17:00:57,613 INFO  [Log] -----------------------Start browser------------------------
 
2020-10-13 17:00:57,613 INFO  [WebDriverManager] Using chromedriver 85.0.4183.87 (resolved driver for Chrome 85) 
2020-10-13 17:00:57,628 INFO  [WebDriverManager] Exporting webdriver.chrome.driver as C:\Users\SATTDN20.02.03\.cache\selenium\chromedriver\win32\85.0.4183.87\chromedriver.exe 
2020-10-13 17:01:03,081 INFO  [Log] [STEP 1] 
2020-10-13 17:01:03,081 INFO  [Log] Navigate to url: http://13.82.211.128:8080/administrator 
2020-10-13 17:01:05,765 INFO  [Log] [STEP 2 - 4] 
2020-10-13 17:01:05,821 INFO  [Log] 		Enter data for the username field: huy 
2020-10-13 17:01:05,946 INFO  [Log] 		Enter data for the passwd field: huy123 
2020-10-13 17:01:06,119 INFO  [Log] 		Click on Log in 
2020-10-13 17:01:07,734 INFO  [Log] [STEP 5] 
2020-10-13 17:01:07,799 INFO  [Log] 		Click on Content 
2020-10-13 17:01:08,036 INFO  [Log] 		Click on Articles 
2020-10-13 17:01:11,824 INFO  [Log] [STEP 6] 
2020-10-13 17:01:11,896 INFO  [Log] 		Click on New 
2020-10-13 17:01:18,138 INFO  [Log] [STEP 7 - 11] 
2020-10-13 17:01:18,166 INFO  [Log] 		Enter data for the jform[title] field: Forward Mining Designer 
2020-10-13 17:01:18,408 INFO  [Log] 		Enter data for the  field: Happiness can be found even in the darkest of times if only one remembers to turn on the light. 
2020-10-13 17:01:18,848 INFO  [Log] 		Click on Sample Data-Articles 
2020-10-13 17:01:19,046 INFO  [Log] 		Click on - Joomla! 
2020-10-13 17:01:19,240 INFO  [Log] 		Click on Published 
2020-10-13 17:01:19,429 INFO  [Log] 		Click on Published 
2020-10-13 17:01:19,595 INFO  [Log] 		Click on Save & Close 
2020-10-13 17:01:21,032 INFO  [Log] [STEP 12]
Verify the article is saved successfully 
2020-10-13 17:01:21,107 INFO  [Log] [STEP 13 - 14] 
2020-10-13 17:01:21,183 INFO  [Log] 		Click on  
2020-10-13 17:01:21,426 INFO  [Log] 		Click on  
2020-10-13 17:01:22,564 INFO  [Log] -----------------------Close browser------------------------

 
